<?xml version="1.0" encoding="UTF-8"?>
<!-- Generated by org.testng.reporters.JUnitReportReporter -->
<testsuite skipped="0" hostname="DESKTOP-AUMHBJJ" name="practicepackage.demoqamethodsPart2" tests="2" failures="0" timestamp="2020-04-23T04:18:41 IST" time="29.163" errors="0">
  <testcase name="setup" time="13.108" classname="practicepackage.demoqamethodsPart2"/>
  <system-out/>
  <testcase name="tooltip" time="16.055" classname="practicepackage.demoqamethodsPart2"/>
  <system-out/>
</testsuite> <!-- practicepackage.demoqamethodsPart2 -->
