<?xml version="1.0" encoding="UTF-8"?>
<!-- Generated by org.testng.reporters.JUnitReportReporter -->
<testsuite skipped="0" hostname="DESKTOP-AUMHBJJ" name="practicepackage.demoqamethods" tests="12" failures="0" timestamp="2020-04-22T16:23:04 IST" time="172.718" errors="0">
  <testcase name="openBrowser" time="11.541" classname="practicepackage.demoqamethods"/>
  <system-out/>
  <testcase name="interationSortable" time="2.189" classname="practicepackage.demoqamethods"/>
  <system-out/>
  <testcase name="testSelectable" time="1.420" classname="practicepackage.demoqamethods"/>
  <system-out/>
  <testcase name="testResizeable" time="1.214" classname="practicepackage.demoqamethods"/>
  <system-out/>
  <testcase name="testDropable" time="1.084" classname="practicepackage.demoqamethods"/>
  <system-out/>
  <testcase name="testDragable" time="1.164" classname="practicepackage.demoqamethods"/>
  <system-out/>
  <testcase name="testDtestSwitchWindow" time="6.578" classname="practicepackage.demoqamethods"/>
  <system-out/>
  <testcase name="testDtestSwitchMessageWindow" time="10.871" classname="practicepackage.demoqamethods"/>
  <system-out/>
  <testcase name="testDtestSwitchMessageTab" time="10.449" classname="practicepackage.demoqamethods"/>
  <system-out/>
  <testcase name="testTable" time="31.084" classname="practicepackage.demoqamethods"/>
  <system-out/>
  <testcase name="testIframe" time="74.336" classname="practicepackage.demoqamethods"/>
  <system-out/>
  <testcase name="testAutomationPractiveForm" time="20.788" classname="practicepackage.demoqamethods"/>
  <system-out/>
</testsuite> <!-- practicepackage.demoqamethods -->
